<?xml version="1.0" encoding="UTF-8"?>
<!-- Generated by org.testng.reporters.JUnitXMLReporter -->
<testsuite ignored="0" hostname="DESKTOP-DA7P0OC" failures="1" tests="1" name="Surefire test" time="38.692" errors="0" timestamp="2026-05-03T17:02:54 IST">
  <testcase classname="com.parabank.tests.RegistrationTest" name="testUserRegistration" time="3.29">
    <failure type="java.lang.NullPointerException" message="Cannot invoke &amp;quot;com.fasterxml.jackson.databind.JsonNode.asText()&amp;quot; because the return value of &amp;quot;com.fasterxml.jackson.databind.JsonNode.get(String)&amp;quot; is null">
      <![CDATA[java.lang.NullPointerException: Cannot invoke "com.fasterxml.jackson.databind.JsonNode.asText()" because the return value of "com.fasterxml.jackson.databind.JsonNode.get(String)" is null
at com.parabank.utils.TestDataReader.get(TestDataReader.java:24)
at com.parabank.tests.RegistrationTest.testUserRegistration(RegistrationTest.java:28)
at java.base/java.util.ArrayList.forEach(ArrayList.java:1612)
... Removed 30 stack frames]]>
    </failure>
  </testcase> <!-- testUserRegistration -->
</testsuite> <!-- Surefire test -->
