<?xml version="1.0" encoding="UTF-8"?>
<!-- Generated by org.testng.reporters.JUnitXMLReporter -->
<testsuite ignored="0" hostname="DESKTOP-DA7P0OC" failures="2" tests="2" name="Login Tests" time="95.69" errors="0" timestamp="2026-05-03T18:31:20 IST">
  <testcase classname="com.parabank.tests.LoginTest" name="testValidLogin" time="11.912">
    <failure type="com.microsoft.playwright.impl.TargetClosedError" message="Error {
  message=&amp;apos;Target page, context or browser has been closed
  name=&amp;apos;TargetClosedError
  stack=&amp;apos;TargetClosedError:Target page, context or browser has been closed
Error
    at captureRawStack (C:\Users\THELEN~1\AppData\Local\Temp\playwright-java-10862346016184707655\package\lib\utils\stackTrace.js:49:17)
    at LongStandingScope._race (C:\Users\THELEN~1\AppData\Local\Temp\playwright-java-10862346016184707655\package\lib\utils\manualPromise.js:91:52)
    at LongStandingScope.race (C:\Users\THELEN~1\AppData\Local\Temp\playwright-java-10862346016184707655\package\lib\utils\manualPromise.js:84:17)
    at FrameDispatcher._handleCommand (C:\Users\THELEN~1\AppData\Local\Temp\playwright-java-10862346016184707655\package\lib\server\dispatchers\dispatcher.js:96:36)
    at DispatcherConnection.dispatch (C:\Users\THELEN~1\AppData\Local\Temp\playwright-java-10862346016184707655\package\lib\server\dispatchers\dispatcher.js:361:39)
}
Call log:
- waiting for locator(&amp;quot;//input[@name=&amp;apos;username&amp;apos;]&amp;quot;)
">
      <![CDATA[com.microsoft.playwright.impl.TargetClosedError: Error {
  message='Target page, context or browser has been closed
  name='TargetClosedError
  stack='TargetClosedError:Target page, context or browser has been closed
Error
    at captureRawStack (C:\Users\THELEN~1\AppData\Local\Temp\playwright-java-10862346016184707655\package\lib\utils\stackTrace.js:49:17)
    at LongStandingScope._race (C:\Users\THELEN~1\AppData\Local\Temp\playwright-java-10862346016184707655\package\lib\utils\manualPromise.js:91:52)
    at LongStandingScope.race (C:\Users\THELEN~1\AppData\Local\Temp\playwright-java-10862346016184707655\package\lib\utils\manualPromise.js:84:17)
    at FrameDispatcher._handleCommand (C:\Users\THELEN~1\AppData\Local\Temp\playwright-java-10862346016184707655\package\lib\server\dispatchers\dispatcher.js:96:36)
    at DispatcherConnection.dispatch (C:\Users\THELEN~1\AppData\Local\Temp\playwright-java-10862346016184707655\package\lib\server\dispatchers\dispatcher.js:361:39)
}
Call log:
- waiting for locator("//input[@name='username']")

at com.microsoft.playwright.impl.WaitableResult.get(WaitableResult.java:54)
at com.microsoft.playwright.impl.ChannelOwner.runUntil(ChannelOwner.java:120)
at com.microsoft.playwright.impl.Connection.sendMessage(Connection.java:130)
at com.microsoft.playwright.impl.ChannelOwner.sendMessage(ChannelOwner.java:106)
at com.microsoft.playwright.impl.FrameImpl.fillImpl(FrameImpl.java:335)
at com.microsoft.playwright.impl.PageImpl.lambda$fill$28(PageImpl.java:756)
at com.microsoft.playwright.impl.LoggingSupport.lambda$withLogging$0(LoggingSupport.java:36)
at com.microsoft.playwright.impl.LoggingSupport.withLogging(LoggingSupport.java:47)
at com.microsoft.playwright.impl.ChannelOwner.withLogging(ChannelOwner.java:89)
at com.microsoft.playwright.impl.LoggingSupport.withLogging(LoggingSupport.java:35)
at com.microsoft.playwright.impl.PageImpl.fill(PageImpl.java:755)
at com.microsoft.playwright.Page.fill(Page.java:4790)
at com.parabank.pages.LoginPage.enterUsername(LoginPage.java:29)
at com.parabank.pages.LoginPage.login(LoginPage.java:47)
at com.parabank.tests.LoginTest.testValidLogin(LoginTest.java:15)
at java.base/java.util.ArrayList.forEach(ArrayList.java:1612)
Caused by: com.microsoft.playwright.impl.TargetClosedError: Error {
  message='Target page, context or browser has been closed
  name='TargetClosedError
  stack='TargetClosedError:Target page, context or browser has been closed
Error
    at captureRawStack (C:\Users\THELEN~1\AppData\Local\Temp\playwright-java-10862346016184707655\package\lib\utils\stackTrace.js:49:17)
    at LongStandingScope._race (C:\Users\THELEN~1\AppData\Local\Temp\playwright-java-10862346016184707655\package\lib\utils\manualPromise.js:91:52)
    at LongStandingScope.race (C:\Users\THELEN~1\AppData\Local\Temp\playwright-java-10862346016184707655\package\lib\utils\manualPromise.js:84:17)
    at FrameDispatcher._handleCommand (C:\Users\THELEN~1\AppData\Local\Temp\playwright-java-10862346016184707655\package\lib\server\dispatchers\dispatcher.js:96:36)
    at DispatcherConnection.dispatch (C:\Users\THELEN~1\AppData\Local\Temp\playwright-java-10862346016184707655\package\lib\server\dispatchers\dispatcher.js:361:39)
}
Call log:
- waiting for locator("//input[@name='username']")

at com.microsoft.playwright.impl.Connection.dispatch(Connection.java:256)
at com.microsoft.playwright.impl.Connection.processOneMessage(Connection.java:211)
at com.microsoft.playwright.impl.ChannelOwner.runUntil(ChannelOwner.java:118)
... 43 more
... Removed 29 stack frames]]>
    </failure>
  </testcase> <!-- testValidLogin -->
  <testcase classname="com.parabank.tests.LoginTest" name="testInvalidLogin" time="32.049">
    <failure type="com.microsoft.playwright.TimeoutError" message="Error {
  message=&amp;apos;Timeout 30000ms exceeded.
  name=&amp;apos;TimeoutError
  stack=&amp;apos;TimeoutError: Timeout 30000ms exceeded.
    at ProgressController.run (C:\Users\THELEN~1\AppData\Local\Temp\playwright-java-10862346016184707655\package\lib\server\progress.js:78:26)
    at Frame.fill (C:\Users\THELEN~1\AppData\Local\Temp\playwright-java-10862346016184707655\package\lib\server\frames.js:1052:23)
    at FrameDispatcher.fill (C:\Users\THELEN~1\AppData\Local\Temp\playwright-java-10862346016184707655\package\lib\server\dispatchers\frameDispatcher.js:170:30)
    at FrameDispatcher._handleCommand (C:\Users\THELEN~1\AppData\Local\Temp\playwright-java-10862346016184707655\package\lib\server\dispatchers\dispatcher.js:94:40)
    at DispatcherConnection.dispatch (C:\Users\THELEN~1\AppData\Local\Temp\playwright-java-10862346016184707655\package\lib\server\dispatchers\dispatcher.js:361:39)
}
Call log:
- waiting for locator(&amp;quot;//input[@name=&amp;apos;username&amp;apos;]&amp;quot;)
">
      <![CDATA[com.microsoft.playwright.TimeoutError: Error {
  message='Timeout 30000ms exceeded.
  name='TimeoutError
  stack='TimeoutError: Timeout 30000ms exceeded.
    at ProgressController.run (C:\Users\THELEN~1\AppData\Local\Temp\playwright-java-10862346016184707655\package\lib\server\progress.js:78:26)
    at Frame.fill (C:\Users\THELEN~1\AppData\Local\Temp\playwright-java-10862346016184707655\package\lib\server\frames.js:1052:23)
    at FrameDispatcher.fill (C:\Users\THELEN~1\AppData\Local\Temp\playwright-java-10862346016184707655\package\lib\server\dispatchers\frameDispatcher.js:170:30)
    at FrameDispatcher._handleCommand (C:\Users\THELEN~1\AppData\Local\Temp\playwright-java-10862346016184707655\package\lib\server\dispatchers\dispatcher.js:94:40)
    at DispatcherConnection.dispatch (C:\Users\THELEN~1\AppData\Local\Temp\playwright-java-10862346016184707655\package\lib\server\dispatchers\dispatcher.js:361:39)
}
Call log:
- waiting for locator("//input[@name='username']")

at com.microsoft.playwright.impl.WaitableResult.get(WaitableResult.java:52)
at com.microsoft.playwright.impl.ChannelOwner.runUntil(ChannelOwner.java:120)
at com.microsoft.playwright.impl.Connection.sendMessage(Connection.java:130)
at com.microsoft.playwright.impl.ChannelOwner.sendMessage(ChannelOwner.java:106)
at com.microsoft.playwright.impl.FrameImpl.fillImpl(FrameImpl.java:335)
at com.microsoft.playwright.impl.PageImpl.lambda$fill$28(PageImpl.java:756)
at com.microsoft.playwright.impl.LoggingSupport.lambda$withLogging$0(LoggingSupport.java:36)
at com.microsoft.playwright.impl.LoggingSupport.withLogging(LoggingSupport.java:47)
at com.microsoft.playwright.impl.ChannelOwner.withLogging(ChannelOwner.java:89)
at com.microsoft.playwright.impl.LoggingSupport.withLogging(LoggingSupport.java:35)
at com.microsoft.playwright.impl.PageImpl.fill(PageImpl.java:755)
at com.microsoft.playwright.Page.fill(Page.java:4790)
at com.parabank.pages.LoginPage.enterUsername(LoginPage.java:29)
at com.parabank.pages.LoginPage.login(LoginPage.java:47)
at com.parabank.tests.LoginTest.testInvalidLogin(LoginTest.java:30)
at java.base/java.util.ArrayList.forEach(ArrayList.java:1612)
Caused by: com.microsoft.playwright.TimeoutError: Error {
  message='Timeout 30000ms exceeded.
  name='TimeoutError
  stack='TimeoutError: Timeout 30000ms exceeded.
    at ProgressController.run (C:\Users\THELEN~1\AppData\Local\Temp\playwright-java-10862346016184707655\package\lib\server\progress.js:78:26)
    at Frame.fill (C:\Users\THELEN~1\AppData\Local\Temp\playwright-java-10862346016184707655\package\lib\server\frames.js:1052:23)
    at FrameDispatcher.fill (C:\Users\THELEN~1\AppData\Local\Temp\playwright-java-10862346016184707655\package\lib\server\dispatchers\frameDispatcher.js:170:30)
    at FrameDispatcher._handleCommand (C:\Users\THELEN~1\AppData\Local\Temp\playwright-java-10862346016184707655\package\lib\server\dispatchers\dispatcher.js:94:40)
    at DispatcherConnection.dispatch (C:\Users\THELEN~1\AppData\Local\Temp\playwright-java-10862346016184707655\package\lib\server\dispatchers\dispatcher.js:361:39)
}
Call log:
- waiting for locator("//input[@name='username']")

at com.microsoft.playwright.impl.Connection.dispatch(Connection.java:254)
at com.microsoft.playwright.impl.Connection.processOneMessage(Connection.java:211)
at com.microsoft.playwright.impl.ChannelOwner.runUntil(ChannelOwner.java:118)
... 43 more
... Removed 29 stack frames]]>
    </failure>
  </testcase> <!-- testInvalidLogin -->
</testsuite> <!-- Login Tests -->
