<?xml version="1.0" encoding="UTF-8"?>
<!-- Generated by org.testng.reporters.JUnitXMLReporter -->
<testsuite ignored="0" hostname="DESKTOP-DA7P0OC" failures="1" tests="2" name="Login Tests" time="120.724" errors="0" timestamp="2026-05-05T06:16:36 IST">
  <testcase classname="com.parabank.tests.LoginTest" name="testValidLogin" time="9.499">
    <failure type="java.lang.AssertionError" message="expected [true] but found [false]">
      <![CDATA[java.lang.AssertionError: expected [true] but found [false]
at com.parabank.tests.LoginTest.testValidLogin(LoginTest.java:20)
at java.base/java.util.ArrayList.forEach(ArrayList.java:1612)
... Removed 33 stack frames]]>
    </failure>
  </testcase> <!-- testValidLogin -->
  <testcase classname="com.parabank.tests.LoginTest" name="testInvalidLogin" time="7.475"/>
</testsuite> <!-- Login Tests -->
