<?xml version="1.0" encoding="UTF-8"?>
<testsuite xmlns:xsi="http://www.w3.org/2001/XMLSchema-instance" xsi:noNamespaceSchemaLocation="https://maven.apache.org/surefire/maven-surefire-plugin/xsd/surefire-test-report-3.0.xsd" version="3.0" name="TestSuite" time="31.096" tests="3" errors="0" skipped="2" failures="1">
  <properties>
[...]
</properties>
  <testcase name="setup" classname="com.parabank.tests.LoginTest" time="30.035">
    <failure message="Error {&#10;  message=&apos;url: expected string, got undefined&#10;  name=&apos;Error&#10;  stack=&apos;Error: url: expected string, got undefined&#10;    at tString (C:\Users\THELEN~1\AppData\Local\Temp\playwright-java-3075714976722819478\package\lib\protocol\validatorPrimitives.js:58:9)&#10;    at C:\Users\THELEN~1\AppData\Local\Temp\playwright-java-3075714976722819478\package\lib\protocol\validatorPrimitives.js:107:21&#10;    at DispatcherConnection.dispatch (C:\Users\THELEN~1\AppData\Local\Temp\playwright-java-3075714976722819478\package\lib\server\dispatchers\dispatcher.js:281:21)&#10;    at transport.onmessage (C:\Users\THELEN~1\AppData\Local\Temp\playwright-java-3075714976722819478\package\lib\cli\driver.js:52:57)&#10;    at Immediate._onImmediate (C:\Users\THELEN~1\AppData\Local\Temp\playwright-java-3075714976722819478\package\lib\protocol\transport.js:77:34)&#10;    at process.processImmediate (node:internal/timers:478:21)&#10;}" type="com.microsoft.playwright.PlaywrightException"><![CDATA[com.microsoft.playwright.PlaywrightException: 
Error {
  message='url: expected string, got undefined
  name='Error
  stack='Error: url: expected string, got undefined
    at tString (C:\Users\THELEN~1\AppData\Local\Temp\playwright-java-3075714976722819478\package\lib\protocol\validatorPrimitives.js:58:9)
    at C:\Users\THELEN~1\AppData\Local\Temp\playwright-java-3075714976722819478\package\lib\protocol\validatorPrimitives.js:107:21
    at DispatcherConnection.dispatch (C:\Users\THELEN~1\AppData\Local\Temp\playwright-java-3075714976722819478\package\lib\server\dispatchers\dispatcher.js:281:21)
    at transport.onmessage (C:\Users\THELEN~1\AppData\Local\Temp\playwright-java-3075714976722819478\package\lib\cli\driver.js:52:57)
    at Immediate._onImmediate (C:\Users\THELEN~1\AppData\Local\Temp\playwright-java-3075714976722819478\package\lib\protocol\transport.js:77:34)
    at process.processImmediate (node:internal/timers:478:21)
}
	at com.microsoft.playwright.impl.WaitableResult.get(WaitableResult.java:56)
	at com.microsoft.playwright.impl.ChannelOwner.runUntil(ChannelOwner.java:120)
	at com.microsoft.playwright.impl.Connection.sendMessage(Connection.java:130)
	at com.microsoft.playwright.impl.ChannelOwner.sendMessage(ChannelOwner.java:106)
	at com.microsoft.playwright.impl.FrameImpl.navigateImpl(FrameImpl.java:463)
	at com.microsoft.playwright.impl.PageImpl.lambda$navigate$46(PageImpl.java:927)
	at com.microsoft.playwright.impl.LoggingSupport.withLogging(LoggingSupport.java:47)
	at com.microsoft.playwright.impl.ChannelOwner.withLogging(ChannelOwner.java:89)
	at com.microsoft.playwright.impl.PageImpl.navigate(PageImpl.java:927)
	at com.microsoft.playwright.impl.PageImpl.navigate(PageImpl.java:42)
	at com.microsoft.playwright.Page.navigate(Page.java:5530)
	at com.parabank.Base.BaseTest.setup(BaseTest.java:21)
	at java.base/jdk.internal.reflect.DirectMethodHandleAccessor.invoke(DirectMethodHandleAccessor.java:104)
	at java.base/java.lang.reflect.Method.invoke(Method.java:565)
	at org.testng.internal.invokers.MethodInvocationHelper.invokeMethod(MethodInvocationHelper.java:139)
	at org.testng.internal.invokers.MethodInvocationHelper.invokeMethodConsideringTimeout(MethodInvocationHelper.java:69)
	at org.testng.internal.invokers.ConfigInvoker.invokeConfigurationMethod(ConfigInvoker.java:393)
	at org.testng.internal.invokers.ConfigInvoker.invokeConfigurations(ConfigInvoker.java:326)
	at org.testng.internal.invokers.TestInvoker.runConfigMethods(TestInvoker.java:810)
	at org.testng.internal.invokers.TestInvoker.invokeMethod(TestInvoker.java:578)
	at org.testng.internal.invokers.TestInvoker.invokeTestMethod(TestInvoker.java:228)
	at org.testng.internal.invokers.MethodRunner.runInSequence(MethodRunner.java:63)
	at org.testng.internal.invokers.TestInvoker$MethodInvocationAgent.invoke(TestInvoker.java:961)
	at org.testng.internal.invokers.TestInvoker.invokeTestMethods(TestInvoker.java:201)
	at org.testng.internal.invokers.TestMethodWorker.invokeTestMethods(TestMethodWorker.java:148)
	at org.testng.internal.invokers.TestMethodWorker.run(TestMethodWorker.java:128)
	at java.base/java.util.ArrayList.forEach(ArrayList.java:1612)
	at org.testng.TestRunner.privateRun(TestRunner.java:819)
	at org.testng.TestRunner.run(TestRunner.java:619)
	at org.testng.SuiteRunner.runTest(SuiteRunner.java:443)
	at org.testng.SuiteRunner.runSequentially(SuiteRunner.java:437)
	at org.testng.SuiteRunner.privateRun(SuiteRunner.java:397)
	at org.testng.SuiteRunner.run(SuiteRunner.java:336)
	at org.testng.SuiteRunnerWorker.runSuite(SuiteRunnerWorker.java:52)
	at org.testng.SuiteRunnerWorker.run(SuiteRunnerWorker.java:95)
	at org.testng.TestNG.runSuitesSequentially(TestNG.java:1301)
	at org.testng.TestNG.runSuitesLocally(TestNG.java:1228)
	at org.testng.TestNG.runSuites(TestNG.java:1134)
	at org.testng.TestNG.run(TestNG.java:1101)
	at org.apache.maven.surefire.testng.TestNGExecutor.run(TestNGExecutor.java:155)
	at org.apache.maven.surefire.testng.TestNGDirectoryTestSuite.executeMulti(TestNGDirectoryTestSuite.java:169)
	at org.apache.maven.surefire.testng.TestNGDirectoryTestSuite.execute(TestNGDirectoryTestSuite.java:88)
	at org.apache.maven.surefire.testng.TestNGProvider.invoke(TestNGProvider.java:137)
	at org.apache.maven.surefire.booter.ForkedBooter.runSuitesInProcess(ForkedBooter.java:385)
	at org.apache.maven.surefire.booter.ForkedBooter.execute(ForkedBooter.java:162)
	at org.apache.maven.surefire.booter.ForkedBooter.run(ForkedBooter.java:507)
	at org.apache.maven.surefire.booter.ForkedBooter.main(ForkedBooter.java:495)
Caused by: com.microsoft.playwright.impl.DriverException: Error {
  message='url: expected string, got undefined
  name='Error
  stack='Error: url: expected string, got undefined
    at tString (C:\Users\THELEN~1\AppData\Local\Temp\playwright-java-3075714976722819478\package\lib\protocol\validatorPrimitives.js:58:9)
    at C:\Users\THELEN~1\AppData\Local\Temp\playwright-java-3075714976722819478\package\lib\protocol\validatorPrimitives.js:107:21
    at DispatcherConnection.dispatch (C:\Users\THELEN~1\AppData\Local\Temp\playwright-java-3075714976722819478\package\lib\server\dispatchers\dispatcher.js:281:21)
    at transport.onmessage (C:\Users\THELEN~1\AppData\Local\Temp\playwright-java-3075714976722819478\package\lib\cli\driver.js:52:57)
    at Immediate._onImmediate (C:\Users\THELEN~1\AppData\Local\Temp\playwright-java-3075714976722819478\package\lib\protocol\transport.js:77:34)
    at process.processImmediate (node:internal/timers:478:21)
}
	at com.microsoft.playwright.impl.Connection.dispatch(Connection.java:259)
	at com.microsoft.playwright.impl.Connection.processOneMessage(Connection.java:211)
	at com.microsoft.playwright.impl.ChannelOwner.runUntil(ChannelOwner.java:118)
	... 45 more
]]></failure>
    <system-err><![CDATA[SLF4J: Failed to load class "org.slf4j.impl.StaticLoggerBinder".
SLF4J: Defaulting to no-operation (NOP) logger implementation
SLF4J: See http://www.slf4j.org/codes.html#StaticLoggerBinder for further details.
java.io.FileNotFoundException: .\src\test\resources\config\config.properties (The system cannot find the path specified)
	at java.base/java.io.FileInputStream.open0(Native Method)
	at java.base/java.io.FileInputStream.open(FileInputStream.java:185)
	at java.base/java.io.FileInputStream.<init>(FileInputStream.java:139)
	at java.base/java.io.FileInputStream.<init>(FileInputStream.java:109)
	at com.parabank.utils.ConfigReader.<clinit>(ConfigReader.java:12)
	at com.parabank.Base.BaseTest.setup(BaseTest.java:17)
	at java.base/jdk.internal.reflect.DirectMethodHandleAccessor.invoke(DirectMethodHandleAccessor.java:104)
	at java.base/java.lang.reflect.Method.invoke(Method.java:565)
	at org.testng.internal.invokers.MethodInvocationHelper.invokeMethod(MethodInvocationHelper.java:139)
	at org.testng.internal.invokers.MethodInvocationHelper.invokeMethodConsideringTimeout(MethodInvocationHelper.java:69)
	at org.testng.internal.invokers.ConfigInvoker.invokeConfigurationMethod(ConfigInvoker.java:393)
	at org.testng.internal.invokers.ConfigInvoker.invokeConfigurations(ConfigInvoker.java:326)
	at org.testng.internal.invokers.TestInvoker.runConfigMethods(TestInvoker.java:810)
	at org.testng.internal.invokers.TestInvoker.invokeMethod(TestInvoker.java:578)
	at org.testng.internal.invokers.TestInvoker.invokeTestMethod(TestInvoker.java:228)
	at org.testng.internal.invokers.MethodRunner.runInSequence(MethodRunner.java:63)
	at org.testng.internal.invokers.TestInvoker$MethodInvocationAgent.invoke(TestInvoker.java:961)
	at org.testng.internal.invokers.TestInvoker.invokeTestMethods(TestInvoker.java:201)
	at org.testng.internal.invokers.TestMethodWorker.invokeTestMethods(TestMethodWorker.java:148)
	at org.testng.internal.invokers.TestMethodWorker.run(TestMethodWorker.java:128)
	at java.base/java.util.ArrayList.forEach(ArrayList.java:1612)
	at org.testng.TestRunner.privateRun(TestRunner.java:819)
	at org.testng.TestRunner.run(TestRunner.java:619)
	at org.testng.SuiteRunner.runTest(SuiteRunner.java:443)
	at org.testng.SuiteRunner.runSequentially(SuiteRunner.java:437)
	at org.testng.SuiteRunner.privateRun(SuiteRunner.java:397)
	at org.testng.SuiteRunner.run(SuiteRunner.java:336)
	at org.testng.SuiteRunnerWorker.runSuite(SuiteRunnerWorker.java:52)
	at org.testng.SuiteRunnerWorker.run(SuiteRunnerWorker.java:95)
	at org.testng.TestNG.runSuitesSequentially(TestNG.java:1301)
	at org.testng.TestNG.runSuitesLocally(TestNG.java:1228)
	at org.testng.TestNG.runSuites(TestNG.java:1134)
	at org.testng.TestNG.run(TestNG.java:1101)
	at org.apache.maven.surefire.testng.TestNGExecutor.run(TestNGExecutor.java:155)
	at org.apache.maven.surefire.testng.TestNGDirectoryTestSuite.executeMulti(TestNGDirectoryTestSuite.java:169)
	at org.apache.maven.surefire.testng.TestNGDirectoryTestSuite.execute(TestNGDirectoryTestSuite.java:88)
	at org.apache.maven.surefire.testng.TestNGProvider.invoke(TestNGProvider.java:137)
	at org.apache.maven.surefire.booter.ForkedBooter.runSuitesInProcess(ForkedBooter.java:385)
	at org.apache.maven.surefire.booter.ForkedBooter.execute(ForkedBooter.java:162)
	at org.apache.maven.surefire.booter.ForkedBooter.run(ForkedBooter.java:507)
	at org.apache.maven.surefire.booter.ForkedBooter.main(ForkedBooter.java:495)
]]></system-err>
  </testcase>
  <testcase name="testValidLogin" classname="com.parabank.tests.LoginTest" time="0.0">
    <skipped message="Error {&#10;  message=&apos;url: expected string, got undefined&#10;  name=&apos;Error&#10;  stack=&apos;Error: url: expected string, got undefined&#10;    at tString (C:\Users\THELEN~1\AppData\Local\Temp\playwright-java-3075714976722819478\package\lib\protocol\validatorPrimitives.js:58:9)&#10;    at C:\Users\THELEN~1\AppData\Local\Temp\playwright-java-3075714976722819478\package\lib\protocol\validatorPrimitives.js:107:21&#10;    at DispatcherConnection.dispatch (C:\Users\THELEN~1\AppData\Local\Temp\playwright-java-3075714976722819478\package\lib\server\dispatchers\dispatcher.js:281:21)&#10;    at transport.onmessage (C:\Users\THELEN~1\AppData\Local\Temp\playwright-java-3075714976722819478\package\lib\cli\driver.js:52:57)&#10;    at Immediate._onImmediate (C:\Users\THELEN~1\AppData\Local\Temp\playwright-java-3075714976722819478\package\lib\protocol\transport.js:77:34)&#10;    at process.processImmediate (node:internal/timers:478:21)&#10;}"/>
  </testcase>
  <testcase name="tearDown" classname="com.parabank.tests.LoginTest" time="0.0">
    <skipped/>
  </testcase>
</testsuite>