<?xml version="1.0" encoding="UTF-8"?>
<testng-results ignored="0" total="3" passed="3" failed="0" skipped="0">
  <reporter-output>
  </reporter-output>
  <suite started-at="2026-05-03T14:50:04 IST" name="ParaBank Suite" finished-at="2026-05-03T14:52:14 IST" duration-ms="130161">
    <groups>
    </groups>
    <test started-at="2026-05-03T14:50:04 IST" name="Login Tests" finished-at="2026-05-03T14:51:30 IST" duration-ms="85905">
      <class name="com.parabank.tests.LoginTest">
        <test-method is-config="true" signature="setup()[pri:0, instance:com.parabank.tests.LoginTest@55a1c291]" started-at="2026-05-03T14:50:04 IST" name="setup" finished-at="2026-05-03T14:50:55 IST" duration-ms="51045" status="PASS">
          <reporter-output>
          </reporter-output>
        </test-method> <!-- setup -->
        <test-method signature="testValidLogin()[pri:1, instance:com.parabank.tests.LoginTest@55a1c291]" started-at="2026-05-03T14:50:55 IST" name="testValidLogin" description="Verify successful login with valid credentials" finished-at="2026-05-03T14:51:09 IST" duration-ms="14218" status="PASS">
          <reporter-output>
          </reporter-output>
        </test-method> <!-- testValidLogin -->
        <test-method is-config="true" signature="tearDown()[pri:0, instance:com.parabank.tests.LoginTest@55a1c291]" started-at="2026-05-03T14:51:09 IST" name="tearDown" finished-at="2026-05-03T14:51:12 IST" duration-ms="3234" status="PASS">
          <reporter-output>
          </reporter-output>
        </test-method> <!-- tearDown -->
        <test-method is-config="true" signature="setup()[pri:0, instance:com.parabank.tests.LoginTest@55a1c291]" started-at="2026-05-03T14:51:12 IST" name="setup" finished-at="2026-05-03T14:51:22 IST" duration-ms="9457" status="PASS">
          <reporter-output>
          </reporter-output>
        </test-method> <!-- setup -->
        <test-method signature="testInvalidLogin()[pri:2, instance:com.parabank.tests.LoginTest@55a1c291]" started-at="2026-05-03T14:51:22 IST" name="testInvalidLogin" description="Verify error message is displayed for invalid login" finished-at="2026-05-03T14:51:29 IST" duration-ms="7043" status="PASS">
          <reporter-output>
          </reporter-output>
        </test-method> <!-- testInvalidLogin -->
        <test-method is-config="true" signature="tearDown()[pri:0, instance:com.parabank.tests.LoginTest@55a1c291]" started-at="2026-05-03T14:51:29 IST" name="tearDown" finished-at="2026-05-03T14:51:30 IST" duration-ms="750" status="PASS">
          <reporter-output>
          </reporter-output>
        </test-method> <!-- tearDown -->
      </class> <!-- com.parabank.tests.LoginTest -->
    </test> <!-- Login Tests -->
    <test started-at="2026-05-03T14:51:30 IST" name="Registration Tests" finished-at="2026-05-03T14:52:14 IST" duration-ms="44096">
      <class name="com.parabank.tests.RegistrationTest">
        <test-method is-config="true" signature="setup()[pri:0, instance:com.parabank.tests.RegistrationTest@add0edd]" started-at="2026-05-03T14:51:30 IST" name="setup" finished-at="2026-05-03T14:51:40 IST" duration-ms="10432" status="PASS">
          <reporter-output>
          </reporter-output>
        </test-method> <!-- setup -->
        <test-method signature="testUserRegistration()[pri:0, instance:com.parabank.tests.RegistrationTest@add0edd]" started-at="2026-05-03T14:51:40 IST" name="testUserRegistration" description="Verify new user registration" finished-at="2026-05-03T14:52:09 IST" duration-ms="29263" status="PASS">
          <reporter-output>
          </reporter-output>
        </test-method> <!-- testUserRegistration -->
        <test-method is-config="true" signature="tearDown()[pri:0, instance:com.parabank.tests.RegistrationTest@add0edd]" started-at="2026-05-03T14:52:09 IST" name="tearDown" finished-at="2026-05-03T14:52:14 IST" duration-ms="4392" status="PASS">
          <reporter-output>
          </reporter-output>
        </test-method> <!-- tearDown -->
      </class> <!-- com.parabank.tests.RegistrationTest -->
    </test> <!-- Registration Tests -->
  </suite> <!-- ParaBank Suite -->
</testng-results>
