<?xml version="1.0" encoding="UTF-8"?>
<testng-results ignored="0" total="1" passed="0" failed="1" skipped="0">
  <reporter-output>
  </reporter-output>
  <suite started-at="2026-05-02T16:02:13 IST" name="Surefire suite" finished-at="2026-05-02T16:03:29 IST" duration-ms="75902">
    <groups>
    </groups>
    <test started-at="2026-05-02T16:02:13 IST" name="Surefire test" finished-at="2026-05-02T16:03:29 IST" duration-ms="75902">
      <class name="com.parabank.tests.LoginTest">
        <test-method is-config="true" signature="setup()[pri:0, instance:com.parabank.tests.LoginTest@3bd94634]" started-at="2026-05-02T16:02:14 IST" name="setup" finished-at="2026-05-02T16:02:56 IST" duration-ms="42003" status="PASS">
          <reporter-output>
          </reporter-output>
        </test-method> <!-- setup -->
        <test-method signature="testValidLogin()[pri:0, instance:com.parabank.tests.LoginTest@3bd94634]" started-at="2026-05-02T16:02:56 IST" name="testValidLogin" description="Verify successful login with valid credentials" finished-at="2026-05-02T16:03:28 IST" duration-ms="32673" status="FAIL">
          <exception class="com.microsoft.playwright.TimeoutError">
            <message>
              <![CDATA[Error {
  message='Timeout 30000ms exceeded.
  name='TimeoutError
  stack='TimeoutError: Timeout 30000ms exceeded.
    at ProgressController.run (C:\Users\THELEN~1\AppData\Local\Temp\playwright-java-8361869226065126597\package\lib\server\progress.js:78:26)
    at Frame.fill (C:\Users\THELEN~1\AppData\Local\Temp\playwright-java-8361869226065126597\package\lib\server\frames.js:1052:23)
    at FrameDispatcher.fill (C:\Users\THELEN~1\AppData\Local\Temp\playwright-java-8361869226065126597\package\lib\server\dispatchers\frameDispatcher.js:170:30)
    at FrameDispatcher._handleCommand (C:\Users\THELEN~1\AppData\Local\Temp\playwright-java-8361869226065126597\package\lib\server\dispatchers\dispatcher.js:94:40)
    at DispatcherConnection.dispatch (C:\Users\THELEN~1\AppData\Local\Temp\playwright-java-8361869226065126597\package\lib\server\dispatchers\dispatcher.js:361:39)
}
Call log:
- waiting for locator("//input[@name='username']")
]]>
            </message>
            <full-stacktrace>
              <![CDATA[com.microsoft.playwright.TimeoutError: Error {
  message='Timeout 30000ms exceeded.
  name='TimeoutError
  stack='TimeoutError: Timeout 30000ms exceeded.
    at ProgressController.run (C:\Users\THELEN~1\AppData\Local\Temp\playwright-java-8361869226065126597\package\lib\server\progress.js:78:26)
    at Frame.fill (C:\Users\THELEN~1\AppData\Local\Temp\playwright-java-8361869226065126597\package\lib\server\frames.js:1052:23)
    at FrameDispatcher.fill (C:\Users\THELEN~1\AppData\Local\Temp\playwright-java-8361869226065126597\package\lib\server\dispatchers\frameDispatcher.js:170:30)
    at FrameDispatcher._handleCommand (C:\Users\THELEN~1\AppData\Local\Temp\playwright-java-8361869226065126597\package\lib\server\dispatchers\dispatcher.js:94:40)
    at DispatcherConnection.dispatch (C:\Users\THELEN~1\AppData\Local\Temp\playwright-java-8361869226065126597\package\lib\server\dispatchers\dispatcher.js:361:39)
}
Call log:
- waiting for locator("//input[@name='username']")

at com.microsoft.playwright.impl.WaitableResult.get(WaitableResult.java:52)
at com.microsoft.playwright.impl.ChannelOwner.runUntil(ChannelOwner.java:120)
at com.microsoft.playwright.impl.Connection.sendMessage(Connection.java:130)
at com.microsoft.playwright.impl.ChannelOwner.sendMessage(ChannelOwner.java:106)
at com.microsoft.playwright.impl.FrameImpl.fillImpl(FrameImpl.java:335)
at com.microsoft.playwright.impl.PageImpl.lambda$fill$28(PageImpl.java:756)
at com.microsoft.playwright.impl.LoggingSupport.lambda$withLogging$0(LoggingSupport.java:36)
at com.microsoft.playwright.impl.LoggingSupport.withLogging(LoggingSupport.java:47)
at com.microsoft.playwright.impl.ChannelOwner.withLogging(ChannelOwner.java:89)
at com.microsoft.playwright.impl.LoggingSupport.withLogging(LoggingSupport.java:35)
at com.microsoft.playwright.impl.PageImpl.fill(PageImpl.java:755)
at com.microsoft.playwright.Page.fill(Page.java:4790)
at com.parabank.pages.LoginPage.enterUsername(LoginPage.java:25)
at com.parabank.pages.LoginPage.login(LoginPage.java:43)
at com.parabank.tests.LoginTest.testValidLogin(LoginTest.java:14)
at java.base/jdk.internal.reflect.DirectMethodHandleAccessor.invoke(DirectMethodHandleAccessor.java:104)
at java.base/java.lang.reflect.Method.invoke(Method.java:565)
at org.testng.internal.invokers.MethodInvocationHelper.invokeMethod(MethodInvocationHelper.java:139)
at org.testng.internal.invokers.TestInvoker.invokeMethod(TestInvoker.java:664)
at org.testng.internal.invokers.TestInvoker.invokeTestMethod(TestInvoker.java:228)
at org.testng.internal.invokers.MethodRunner.runInSequence(MethodRunner.java:63)
at org.testng.internal.invokers.TestInvoker$MethodInvocationAgent.invoke(TestInvoker.java:961)
at org.testng.internal.invokers.TestInvoker.invokeTestMethods(TestInvoker.java:201)
at org.testng.internal.invokers.TestMethodWorker.invokeTestMethods(TestMethodWorker.java:148)
at org.testng.internal.invokers.TestMethodWorker.run(TestMethodWorker.java:128)
at java.base/java.util.ArrayList.forEach(ArrayList.java:1612)
at org.testng.TestRunner.privateRun(TestRunner.java:819)
at org.testng.TestRunner.run(TestRunner.java:619)
at org.testng.SuiteRunner.runTest(SuiteRunner.java:443)
at org.testng.SuiteRunner.runSequentially(SuiteRunner.java:437)
at org.testng.SuiteRunner.privateRun(SuiteRunner.java:397)
at org.testng.SuiteRunner.run(SuiteRunner.java:336)
at org.testng.SuiteRunnerWorker.runSuite(SuiteRunnerWorker.java:52)
at org.testng.SuiteRunnerWorker.run(SuiteRunnerWorker.java:95)
at org.testng.TestNG.runSuitesSequentially(TestNG.java:1301)
at org.testng.TestNG.runSuitesLocally(TestNG.java:1228)
at org.testng.TestNG.runSuites(TestNG.java:1134)
at org.testng.TestNG.run(TestNG.java:1101)
at org.apache.maven.surefire.testng.TestNGExecutor.run(TestNGExecutor.java:155)
at org.apache.maven.surefire.testng.TestNGDirectoryTestSuite.executeSingleClass(TestNGDirectoryTestSuite.java:102)
at org.apache.maven.surefire.testng.TestNGDirectoryTestSuite.execute(TestNGDirectoryTestSuite.java:91)
at org.apache.maven.surefire.testng.TestNGProvider.invoke(TestNGProvider.java:137)
at org.apache.maven.surefire.booter.ForkedBooter.runSuitesInProcess(ForkedBooter.java:385)
at org.apache.maven.surefire.booter.ForkedBooter.execute(ForkedBooter.java:162)
at org.apache.maven.surefire.booter.ForkedBooter.run(ForkedBooter.java:507)
at org.apache.maven.surefire.booter.ForkedBooter.main(ForkedBooter.java:495)
Caused by: com.microsoft.playwright.TimeoutError: Error {
  message='Timeout 30000ms exceeded.
  name='TimeoutError
  stack='TimeoutError: Timeout 30000ms exceeded.
    at ProgressController.run (C:\Users\THELEN~1\AppData\Local\Temp\playwright-java-8361869226065126597\package\lib\server\progress.js:78:26)
    at Frame.fill (C:\Users\THELEN~1\AppData\Local\Temp\playwright-java-8361869226065126597\package\lib\server\frames.js:1052:23)
    at FrameDispatcher.fill (C:\Users\THELEN~1\AppData\Local\Temp\playwright-java-8361869226065126597\package\lib\server\dispatchers\frameDispatcher.js:170:30)
    at FrameDispatcher._handleCommand (C:\Users\THELEN~1\AppData\Local\Temp\playwright-java-8361869226065126597\package\lib\server\dispatchers\dispatcher.js:94:40)
    at DispatcherConnection.dispatch (C:\Users\THELEN~1\AppData\Local\Temp\playwright-java-8361869226065126597\package\lib\server\dispatchers\dispatcher.js:361:39)
}
Call log:
- waiting for locator("//input[@name='username']")

at com.microsoft.playwright.impl.Connection.dispatch(Connection.java:254)
at com.microsoft.playwright.impl.Connection.processOneMessage(Connection.java:211)
at com.microsoft.playwright.impl.ChannelOwner.runUntil(ChannelOwner.java:118)
... 44 more
]]>
            </full-stacktrace>
          </exception> <!-- com.microsoft.playwright.TimeoutError -->
          <reporter-output>
          </reporter-output>
        </test-method> <!-- testValidLogin -->
        <test-method is-config="true" signature="tearDown()[pri:0, instance:com.parabank.tests.LoginTest@3bd94634]" started-at="2026-05-02T16:03:28 IST" name="tearDown" finished-at="2026-05-02T16:03:29 IST" duration-ms="923" status="PASS">
          <reporter-output>
          </reporter-output>
        </test-method> <!-- tearDown -->
      </class> <!-- com.parabank.tests.LoginTest -->
    </test> <!-- Surefire test -->
  </suite> <!-- Surefire suite -->
</testng-results>
