<?xml version="1.0" encoding="UTF-8"?>
<!-- Generated by org.testng.reporters.JUnitReportReporter -->
<testsuite hostname="DESKTOP-DA7P0OC" failures="0" tests="2" name="com.parabank.tests.LoginTest" time="95.469" errors="2" timestamp="2026-05-03T18:32:06 IST" skipped="0">
  <testcase classname="com.parabank.tests.LoginTest" name="testValidLogin" time="22.326">
    <error message="Error {
  message=&#039;Target page, context or browser has been closed
  name=&#039;TargetClosedError
  stack=&#039;TargetClosedError:Target page, context or browser has been closed
Error
    at captureRawStack (C:\Users\THELEN~1\AppData\Local\Temp\playwright-java-10862346016184707655\package\lib\utils\stackTrace.js:49:17)
    at LongStandingScope._race (C:\Users\THELEN~1\AppData\Local\Temp\playwright-java-10862346016184707655\package\lib\utils\manualPromise.js:91:52)
    at LongStandingScope.race (C:\Users\THELEN~1\AppData\Local\Temp\playwright-java-10862346016184707655\package\lib\utils\manualPromise.js:84:17)
    at FrameDispatcher._handleCommand (C:\Users\THELEN~1\AppData\Local\Temp\playwright-java-10862346016184707655\package\lib\server\dispatchers\dispatcher.js:96:36)
    at DispatcherConnection.dispatch (C:\Users\THELEN~1\AppData\Local\Temp\playwright-java-10862346016184707655\package\lib\server\dispatchers\dispatcher.js:361:39)
}
Call log:
- waiting for locator(&quot;//input[@name=&#039;username&#039;]&quot;)
" type="com.microsoft.playwright.impl.TargetClosedError">
      <![CDATA[com.microsoft.playwright.impl.TargetClosedError: Error {
  message='Target page, context or browser has been closed
  name='TargetClosedError
  stack='TargetClosedError:Target page, context or browser has been closed
Error
    at captureRawStack (C:\Users\THELEN~1\AppData\Local\Temp\playwright-java-10862346016184707655\package\lib\utils\stackTrace.js:49:17)
    at LongStandingScope._race (C:\Users\THELEN~1\AppData\Local\Temp\playwright-java-10862346016184707655\package\lib\utils\manualPromise.js:91:52)
    at LongStandingScope.race (C:\Users\THELEN~1\AppData\Local\Temp\playwright-java-10862346016184707655\package\lib\utils\manualPromise.js:84:17)
    at FrameDispatcher._handleCommand (C:\Users\THELEN~1\AppData\Local\Temp\playwright-java-10862346016184707655\package\lib\server\dispatchers\dispatcher.js:96:36)
    at DispatcherConnection.dispatch (C:\Users\THELEN~1\AppData\Local\Temp\playwright-java-10862346016184707655\package\lib\server\dispatchers\dispatcher.js:361:39)
}
Call log:
- waiting for locator("//input[@name='username']")

at com.microsoft.playwright.impl.WaitableResult.get(WaitableResult.java:54)
at com.microsoft.playwright.impl.ChannelOwner.runUntil(ChannelOwner.java:120)
at com.microsoft.playwright.impl.Connection.sendMessage(Connection.java:130)
at com.microsoft.playwright.impl.ChannelOwner.sendMessage(ChannelOwner.java:106)
at com.microsoft.playwright.impl.FrameImpl.fillImpl(FrameImpl.java:335)
at com.microsoft.playwright.impl.PageImpl.lambda$fill$28(PageImpl.java:756)
at com.microsoft.playwright.impl.LoggingSupport.lambda$withLogging$0(LoggingSupport.java:36)
at com.microsoft.playwright.impl.LoggingSupport.withLogging(LoggingSupport.java:47)
at com.microsoft.playwright.impl.ChannelOwner.withLogging(ChannelOwner.java:89)
at com.microsoft.playwright.impl.LoggingSupport.withLogging(LoggingSupport.java:35)
at com.microsoft.playwright.impl.PageImpl.fill(PageImpl.java:755)
at com.microsoft.playwright.Page.fill(Page.java:4790)
at com.parabank.pages.LoginPage.enterUsername(LoginPage.java:29)
at com.parabank.pages.LoginPage.login(LoginPage.java:47)
at com.parabank.tests.LoginTest.testValidLogin(LoginTest.java:15)
at java.base/jdk.internal.reflect.DirectMethodHandleAccessor.invoke(DirectMethodHandleAccessor.java:104)
at java.base/java.lang.reflect.Method.invoke(Method.java:565)
at org.testng.internal.invokers.MethodInvocationHelper.invokeMethod(MethodInvocationHelper.java:139)
at org.testng.internal.invokers.TestInvoker.invokeMethod(TestInvoker.java:664)
at org.testng.internal.invokers.TestInvoker.invokeTestMethod(TestInvoker.java:228)
at org.testng.internal.invokers.MethodRunner.runInSequence(MethodRunner.java:63)
at org.testng.internal.invokers.TestInvoker$MethodInvocationAgent.invoke(TestInvoker.java:961)
at org.testng.internal.invokers.TestInvoker.invokeTestMethods(TestInvoker.java:201)
at org.testng.internal.invokers.TestMethodWorker.invokeTestMethods(TestMethodWorker.java:148)
at org.testng.internal.invokers.TestMethodWorker.run(TestMethodWorker.java:128)
at java.base/java.util.ArrayList.forEach(ArrayList.java:1612)
at org.testng.TestRunner.privateRun(TestRunner.java:819)
at org.testng.TestRunner.run(TestRunner.java:619)
at org.testng.SuiteRunner.runTest(SuiteRunner.java:443)
at org.testng.SuiteRunner.runSequentially(SuiteRunner.java:437)
at org.testng.SuiteRunner.privateRun(SuiteRunner.java:397)
at org.testng.SuiteRunner.run(SuiteRunner.java:336)
at org.testng.SuiteRunnerWorker.runSuite(SuiteRunnerWorker.java:52)
at org.testng.SuiteRunnerWorker.run(SuiteRunnerWorker.java:95)
at org.testng.TestNG.runSuitesSequentially(TestNG.java:1301)
at org.testng.TestNG.runSuitesLocally(TestNG.java:1228)
at org.testng.TestNG.runSuites(TestNG.java:1134)
at org.testng.TestNG.run(TestNG.java:1101)
at org.apache.maven.surefire.testng.TestNGExecutor.run(TestNGExecutor.java:308)
at org.apache.maven.surefire.testng.TestNGXmlTestSuite.execute(TestNGXmlTestSuite.java:71)
at org.apache.maven.surefire.testng.TestNGProvider.invoke(TestNGProvider.java:113)
at org.apache.maven.surefire.booter.ForkedBooter.runSuitesInProcess(ForkedBooter.java:385)
at org.apache.maven.surefire.booter.ForkedBooter.execute(ForkedBooter.java:162)
at org.apache.maven.surefire.booter.ForkedBooter.run(ForkedBooter.java:507)
at org.apache.maven.surefire.booter.ForkedBooter.main(ForkedBooter.java:495)
Caused by: com.microsoft.playwright.impl.TargetClosedError: Error {
  message='Target page, context or browser has been closed
  name='TargetClosedError
  stack='TargetClosedError:Target page, context or browser has been closed
Error
    at captureRawStack (C:\Users\THELEN~1\AppData\Local\Temp\playwright-java-10862346016184707655\package\lib\utils\stackTrace.js:49:17)
    at LongStandingScope._race (C:\Users\THELEN~1\AppData\Local\Temp\playwright-java-10862346016184707655\package\lib\utils\manualPromise.js:91:52)
    at LongStandingScope.race (C:\Users\THELEN~1\AppData\Local\Temp\playwright-java-10862346016184707655\package\lib\utils\manualPromise.js:84:17)
    at FrameDispatcher._handleCommand (C:\Users\THELEN~1\AppData\Local\Temp\playwright-java-10862346016184707655\package\lib\server\dispatchers\dispatcher.js:96:36)
    at DispatcherConnection.dispatch (C:\Users\THELEN~1\AppData\Local\Temp\playwright-java-10862346016184707655\package\lib\server\dispatchers\dispatcher.js:361:39)
}
Call log:
- waiting for locator("//input[@name='username']")

at com.microsoft.playwright.impl.Connection.dispatch(Connection.java:256)
at com.microsoft.playwright.impl.Connection.processOneMessage(Connection.java:211)
at com.microsoft.playwright.impl.ChannelOwner.runUntil(ChannelOwner.java:118)
... 43 more
]]>
    </error>
  </testcase> <!-- testValidLogin -->
  <testcase classname="com.parabank.tests.LoginTest" name="testInvalidLogin" time="73.143">
    <error message="Error {
  message=&#039;Timeout 30000ms exceeded.
  name=&#039;TimeoutError
  stack=&#039;TimeoutError: Timeout 30000ms exceeded.
    at ProgressController.run (C:\Users\THELEN~1\AppData\Local\Temp\playwright-java-10862346016184707655\package\lib\server\progress.js:78:26)
    at Frame.fill (C:\Users\THELEN~1\AppData\Local\Temp\playwright-java-10862346016184707655\package\lib\server\frames.js:1052:23)
    at FrameDispatcher.fill (C:\Users\THELEN~1\AppData\Local\Temp\playwright-java-10862346016184707655\package\lib\server\dispatchers\frameDispatcher.js:170:30)
    at FrameDispatcher._handleCommand (C:\Users\THELEN~1\AppData\Local\Temp\playwright-java-10862346016184707655\package\lib\server\dispatchers\dispatcher.js:94:40)
    at DispatcherConnection.dispatch (C:\Users\THELEN~1\AppData\Local\Temp\playwright-java-10862346016184707655\package\lib\server\dispatchers\dispatcher.js:361:39)
}
Call log:
- waiting for locator(&quot;//input[@name=&#039;username&#039;]&quot;)
" type="com.microsoft.playwright.TimeoutError">
      <![CDATA[com.microsoft.playwright.TimeoutError: Error {
  message='Timeout 30000ms exceeded.
  name='TimeoutError
  stack='TimeoutError: Timeout 30000ms exceeded.
    at ProgressController.run (C:\Users\THELEN~1\AppData\Local\Temp\playwright-java-10862346016184707655\package\lib\server\progress.js:78:26)
    at Frame.fill (C:\Users\THELEN~1\AppData\Local\Temp\playwright-java-10862346016184707655\package\lib\server\frames.js:1052:23)
    at FrameDispatcher.fill (C:\Users\THELEN~1\AppData\Local\Temp\playwright-java-10862346016184707655\package\lib\server\dispatchers\frameDispatcher.js:170:30)
    at FrameDispatcher._handleCommand (C:\Users\THELEN~1\AppData\Local\Temp\playwright-java-10862346016184707655\package\lib\server\dispatchers\dispatcher.js:94:40)
    at DispatcherConnection.dispatch (C:\Users\THELEN~1\AppData\Local\Temp\playwright-java-10862346016184707655\package\lib\server\dispatchers\dispatcher.js:361:39)
}
Call log:
- waiting for locator("//input[@name='username']")

at com.microsoft.playwright.impl.WaitableResult.get(WaitableResult.java:52)
at com.microsoft.playwright.impl.ChannelOwner.runUntil(ChannelOwner.java:120)
at com.microsoft.playwright.impl.Connection.sendMessage(Connection.java:130)
at com.microsoft.playwright.impl.ChannelOwner.sendMessage(ChannelOwner.java:106)
at com.microsoft.playwright.impl.FrameImpl.fillImpl(FrameImpl.java:335)
at com.microsoft.playwright.impl.PageImpl.lambda$fill$28(PageImpl.java:756)
at com.microsoft.playwright.impl.LoggingSupport.lambda$withLogging$0(LoggingSupport.java:36)
at com.microsoft.playwright.impl.LoggingSupport.withLogging(LoggingSupport.java:47)
at com.microsoft.playwright.impl.ChannelOwner.withLogging(ChannelOwner.java:89)
at com.microsoft.playwright.impl.LoggingSupport.withLogging(LoggingSupport.java:35)
at com.microsoft.playwright.impl.PageImpl.fill(PageImpl.java:755)
at com.microsoft.playwright.Page.fill(Page.java:4790)
at com.parabank.pages.LoginPage.enterUsername(LoginPage.java:29)
at com.parabank.pages.LoginPage.login(LoginPage.java:47)
at com.parabank.tests.LoginTest.testInvalidLogin(LoginTest.java:30)
at java.base/jdk.internal.reflect.DirectMethodHandleAccessor.invoke(DirectMethodHandleAccessor.java:104)
at java.base/java.lang.reflect.Method.invoke(Method.java:565)
at org.testng.internal.invokers.MethodInvocationHelper.invokeMethod(MethodInvocationHelper.java:139)
at org.testng.internal.invokers.TestInvoker.invokeMethod(TestInvoker.java:664)
at org.testng.internal.invokers.TestInvoker.invokeTestMethod(TestInvoker.java:228)
at org.testng.internal.invokers.MethodRunner.runInSequence(MethodRunner.java:63)
at org.testng.internal.invokers.TestInvoker$MethodInvocationAgent.invoke(TestInvoker.java:961)
at org.testng.internal.invokers.TestInvoker.invokeTestMethods(TestInvoker.java:201)
at org.testng.internal.invokers.TestMethodWorker.invokeTestMethods(TestMethodWorker.java:148)
at org.testng.internal.invokers.TestMethodWorker.run(TestMethodWorker.java:128)
at java.base/java.util.ArrayList.forEach(ArrayList.java:1612)
at org.testng.TestRunner.privateRun(TestRunner.java:819)
at org.testng.TestRunner.run(TestRunner.java:619)
at org.testng.SuiteRunner.runTest(SuiteRunner.java:443)
at org.testng.SuiteRunner.runSequentially(SuiteRunner.java:437)
at org.testng.SuiteRunner.privateRun(SuiteRunner.java:397)
at org.testng.SuiteRunner.run(SuiteRunner.java:336)
at org.testng.SuiteRunnerWorker.runSuite(SuiteRunnerWorker.java:52)
at org.testng.SuiteRunnerWorker.run(SuiteRunnerWorker.java:95)
at org.testng.TestNG.runSuitesSequentially(TestNG.java:1301)
at org.testng.TestNG.runSuitesLocally(TestNG.java:1228)
at org.testng.TestNG.runSuites(TestNG.java:1134)
at org.testng.TestNG.run(TestNG.java:1101)
at org.apache.maven.surefire.testng.TestNGExecutor.run(TestNGExecutor.java:308)
at org.apache.maven.surefire.testng.TestNGXmlTestSuite.execute(TestNGXmlTestSuite.java:71)
at org.apache.maven.surefire.testng.TestNGProvider.invoke(TestNGProvider.java:113)
at org.apache.maven.surefire.booter.ForkedBooter.runSuitesInProcess(ForkedBooter.java:385)
at org.apache.maven.surefire.booter.ForkedBooter.execute(ForkedBooter.java:162)
at org.apache.maven.surefire.booter.ForkedBooter.run(ForkedBooter.java:507)
at org.apache.maven.surefire.booter.ForkedBooter.main(ForkedBooter.java:495)
Caused by: com.microsoft.playwright.TimeoutError: Error {
  message='Timeout 30000ms exceeded.
  name='TimeoutError
  stack='TimeoutError: Timeout 30000ms exceeded.
    at ProgressController.run (C:\Users\THELEN~1\AppData\Local\Temp\playwright-java-10862346016184707655\package\lib\server\progress.js:78:26)
    at Frame.fill (C:\Users\THELEN~1\AppData\Local\Temp\playwright-java-10862346016184707655\package\lib\server\frames.js:1052:23)
    at FrameDispatcher.fill (C:\Users\THELEN~1\AppData\Local\Temp\playwright-java-10862346016184707655\package\lib\server\dispatchers\frameDispatcher.js:170:30)
    at FrameDispatcher._handleCommand (C:\Users\THELEN~1\AppData\Local\Temp\playwright-java-10862346016184707655\package\lib\server\dispatchers\dispatcher.js:94:40)
    at DispatcherConnection.dispatch (C:\Users\THELEN~1\AppData\Local\Temp\playwright-java-10862346016184707655\package\lib\server\dispatchers\dispatcher.js:361:39)
}
Call log:
- waiting for locator("//input[@name='username']")

at com.microsoft.playwright.impl.Connection.dispatch(Connection.java:254)
at com.microsoft.playwright.impl.Connection.processOneMessage(Connection.java:211)
at com.microsoft.playwright.impl.ChannelOwner.runUntil(ChannelOwner.java:118)
... 43 more
]]>
    </error>
  </testcase> <!-- testInvalidLogin -->
</testsuite> <!-- com.parabank.tests.LoginTest -->
